<?xml version="1.0" encoding="UTF-8"?>
<testng-results ignored="0" total="1" passed="1" failed="0" skipped="0">
  <reporter-output>
  </reporter-output>
  <suite started-at="2023-02-08T09:17:13 IST" name="Default suite" finished-at="2023-02-08T09:17:22 IST" duration-ms="8692">
    <groups>
    </groups>
    <test started-at="2023-02-08T09:17:13 IST" name="Default test" finished-at="2023-02-08T09:17:22 IST" duration-ms="8692">
      <class name="API_demo.Test01_Get">
        <test-method signature="Test01()[pri:0, instance:API_demo.Test01_Get@793be5ca]" started-at="2023-02-08T09:17:13 IST" name="Test01" finished-at="2023-02-08T09:17:22 IST" duration-ms="8538" status="PASS">
          <reporter-output>
          </reporter-output>
        </test-method> <!-- Test01 -->
      </class> <!-- API_demo.Test01_Get -->
    </test> <!-- Default test -->
  </suite> <!-- Default suite -->
</testng-results>
